
<!DOCTYPE html>
<html>


<head>
	<meta charset='UTF-8' /> 
	<meta name='description' content='' />
	<meta name='robots' content='noodp, noydir' />
	<meta name='viewport' content='width=device-width, initial-scale=1' />
	<meta id="timeStampFormat" name="timeStampFormat" content='MMM d, yyyy hh:mm:ss a'/>
	
	<link href='https://fonts.googleapis.com/css?family=Source+Sans+Pro:400,600' rel='stylesheet' type='text/css'>
	<link href="https://fonts.googleapis.com/icon?family=Material+Icons" rel="stylesheet">

		<link href='https://cdn.rawgit.com/anshooarora/extentreports-java/b4a58fcfd1e137bd9287244035a7c80d3d73b3af/dist/css/extent.css' type='text/css' rel='stylesheet' />
	
	<title>AutoMation - Cucumber Framework</title>

	<style type='text/css'>
			
            

      
        
	</style>
</head>

	<body class='extent dark default hide-overflow bdd-report'>
		<div id='theme-selector' alt='Click to toggle theme. To enable by default, use theme configuration.' title='Click to toggle theme. To enable by default, use theme configuration.'>
			<span><i class='material-icons'>desktop_windows</i></span>
		</div>

<nav>
	<div class="nav-wrapper">
		<a href="#!" class="brand-logo blue darken-3">Extent</a>

		<!-- slideout menu -->
		<ul id='slide-out' class='side-nav fixed hide-on-med-and-down'>
			<li class='waves-effect active'><a href='#!' view='test-view' onclick="configureView(0);chartsView('test');"><i class='material-icons'>dashboard</i></a></li>
						<li class='waves-effect'><a href='#!' view='category-view' onclick="configureView(1)"><i class='material-icons'>label_outline</i></a></li>
				<li class='waves-effect'><a href='#!' view='author-view' onclick="configureView(3)"><i class='material-icons'>person</i></a></li>
			<li class='waves-effect'><a href='#!' view='exception-view' onclick="configureView(2)"><i class='material-icons'>bug_report</i></a></li>
			<li class='waves-effect'><a href='#!' onclick="configureView(-1);chartsView('dashboard');" view='dashboard-view'><i class='material-icons'>track_changes</i></i></a></li>
		</ul>

		<!-- report name -->
		<span class='report-name'>Cucumber Report</span>
		
		<!-- report headline -->
		<span class='report-headline'></span>

		<!-- nav-right -->
		<ul id='nav-mobile' class='right hide-on-med-and-down nav-right'>
			<li>
                <a href='#!'>
                    <span class='label suite-start-time blue darken-3'>Dec 12, 2021 12:16:43 PM</span>
				</a>
			</li>
			<li>
                <a href='#!'>
                    <span class='label blue darken-3'>3.1.2</span>
				</a>
			</li>
		</ul>
	</div>
</nav>

		<!-- container -->
		<div class='container'>

<div id='test-view' class='view'>
				
	<section id='controls'>
		<div class='controls grey lighten-4'>
			<!-- test toggle -->
			<div class='chip transparent'>
				<a class='dropdown-button tests-toggle' data-activates='tests-toggle' data-constrainwidth='true' data-beloworigin='true' data-hover='true' href='#'>
					<i class='material-icons'>warning</i> Status
				</a>
				<ul id='tests-toggle' class='dropdown-content'>
											<li status='pass'><a href='#!'>Pass <i class='material-icons green-text'>check_circle</i></a></li>
						<li status='fail'><a href='#!'>Fail <i class='material-icons red-text'>cancel</i></a></li>
					<li class='divider'></li>
					<li status='clear' clear='true'><a href='#!'>Clear Filters <i class='material-icons'>clear</i></a></li>
				</ul>
			</div>
			<!-- test toggle -->

			<!-- category toggle -->
			<div class='chip transparent'>
				<a class='dropdown-button category-toggle' data-activates='category-toggle' data-constrainwidth='false' data-beloworigin='true' data-hover='true' href='#'>
					<i class='material-icons'>local_offer</i> Category
				</a>
				<ul id='category-toggle' class='dropdown-content'>
					<li><a href='#'>@Regression</a></li>
					<li><a href='#'>@Smoke</a></li>
					<li class='divider'></li>
					<li class='clear'><a href='#!' clear='true'>Clear Filters</a></li>
				</ul>
			</div>
			<!-- category toggle -->

			<!-- clear filters -->
			<div class='chip transparent hide'>
				<a class='' id='clear-filters' alt='Clear Filters' title='Clear Filters'>
					<i class='material-icons'>close</i> Clear
				</a>
			</div>
			<!-- clear filters -->

			<!-- enable dashboard -->
			<div id='toggle-test-view-charts' class='chip transparent'>
				<a class='pink-text' id='enable-dashboard' alt='Enable Dashboard' title='Enable Dashboard'>
					<i class='material-icons'>track_changes</i> Dashboard
				</a>
			</div>
			<!-- enable dashboard -->

			<!-- search -->
			<div class='chip transparent' alt='Search Tests' title='Search Tests'>
				<a href="#" class='search-div'>
					<i class='material-icons'>search</i> Search
				</a>

				<div class='input-field left hide'>
					<input id='search-tests' type='text' class='validate browser-default' placeholder='Search Tests...'>
				</div>
				
			</div>
			<!-- search -->
		</div>
	</section>


<div id='test-view-charts' class='subview-full'>
	<div id='charts-row' class='row nm-v nm-h'>
		<div class='col s12 m4 l4 np-h'>
			<div class='card-panel nm-v'>
				<div class='left panel-name'>Features</div>
				<div class='chart-box'>
					<canvas id='parent-analysis' width='100' height='80'></canvas>
				</div>
				<div class='block text-small'>
					<span class='tooltipped' data-position='top' data-tooltip='66.667%'><span class='strong'>2</span> feature(s) passed</span>
				</div>
				<div class='block text-small'>
					<span class='strong tooltipped' data-position='top' data-tooltip='33.333%'>1</span> feature(s) failed, <span class='strong tooltipped' data-position='top' data-tooltip='0%'>0</span> others
				</div>
			</div>
		</div>
		
		<div class='col s12 m4 l4 np-h'>
			<div class='card-panel nm-v'>
				<div class='left panel-name'>Scenarios</div>
				<div class='chart-box'>
					<canvas id='child-analysis' width='100' height='80'></canvas>
				</div>
				<div class='block text-small'>
					<span class='tooltipped' data-position='top' data-tooltip='60%'><span class='strong'>6</span> scenario(s) passed</span>
				</div>
				<div class='block text-small'>
					<span class='strong tooltipped' data-position='top' data-tooltip='40%'>4</span> scenario(s) failed, <span class='strong tooltipped' data-position='top' data-tooltip='0%'>0</span> others
				</div>
			</div>
		</div>
		
		<div class='col s12 m4 l4 np-h'>
			<div class='card-panel nm-v'>
				<div class='left panel-name'>Steps</div>
				<div class='chart-box'>
					<canvas id='grandchild-analysis' width='100' height='80'></canvas>
				</div>
				<div class='block text-small'>
					<span class='tooltipped' data-position='top' data-tooltip='95.181%'><span class='strong'>79</span> step(s) passed</span>
				</div>
				<div class='block text-small'>
					<span class='strong tooltipped' data-position='top' data-tooltip='4.819%'>4</span> step(s) failed, <span class='strong tooltipped' data-position='top' data-tooltip='0%'>0</span> others
				</div>
			</div>
		</div>
	</div>
</div>

	<div class='subview-left left'>
		
		<div class='view-summary'>
			<h5>Features</h5>
			<ul id='test-collection' class='test-collection'>
				
				
				<li class='test displayed active has-leaf pass' status='pass' bdd='true' test-id='1'>
					<div class='test-heading'>
						<span class='test-name'>Create an Account</span>
						<span class='test-time'>Dec 12, 2021 12:16:43 PM</span>
						<span class='test-status right pass'>pass</span>
					</div>
					<div class='test-content hide'>
<div class='scenario node' test-id='2' status='pass'>
	<div class='category-list'>
		<span class='category label white-text'>@Regression</span>
		<span class='category label white-text'>@Smoke</span>
	</div>
	<span class='duration right label'>0h 0m 51s+876ms</span>
	<div class='desc'>
		<b>Scenario</b>
		<span class="desc-text">User Should Create Account Successfully</span>
	</div>
	<ul class='steps'>
		<li test-id='3' class='node given pass' status='pass'>
			
			<b>Given</b>
			
			<span class="bdd-step-name">Given I am on HomePage</span>
				<div class='pre'>passed</div>
			
		</li>
		<li test-id='4' class='node then pass' status='pass'>
			
			<b>Then</b>
			
			<span class="bdd-step-name">Then I click on Sign In Button</span>
				<div class='pre'>passed</div>
			
		</li>
		<li test-id='5' class='node and pass' status='pass'>
			
			<b>And</b>
			
			<span class="bdd-step-name">And I enter email</span>
				<div class='pre'>passed</div>
			
		</li>
		<li test-id='6' class='node and pass' status='pass'>
			
			<b>And</b>
			
			<span class="bdd-step-name">And I click on Create an Account Button</span>
				<div class='pre'>passed</div>
			
		</li>
		<li test-id='7' class='node and pass' status='pass'>
			
			<b>And</b>
			
			<span class="bdd-step-name">And I enter FirstName "Robin"</span>
				<div class='pre'>passed</div>
			
		</li>
		<li test-id='8' class='node and pass' status='pass'>
			
			<b>And</b>
			
			<span class="bdd-step-name">And I enter LastName "Singh"</span>
				<div class='pre'>passed</div>
			
		</li>
		<li test-id='9' class='node and pass' status='pass'>
			
			<b>And</b>
			
			<span class="bdd-step-name">And I enter Password "Robin1234"</span>
				<div class='pre'>passed</div>
			
		</li>
		<li test-id='10' class='node and pass' status='pass'>
			
			<b>And</b>
			
			<span class="bdd-step-name">And I enter Address line "1 Nice Building"</span>
				<div class='pre'>passed</div>
			
		</li>
		<li test-id='11' class='node and pass' status='pass'>
			
			<b>And</b>
			
			<span class="bdd-step-name">And I enter City "Maryland"</span>
				<div class='pre'>passed</div>
			
		</li>
		<li test-id='12' class='node and pass' status='pass'>
			
			<b>And</b>
			
			<span class="bdd-step-name">And I select state  "Ohio"</span>
				<div class='pre'>passed</div>
			
		</li>
		<li test-id='13' class='node and pass' status='pass'>
			
			<b>And</b>
			
			<span class="bdd-step-name">And I enter zipcode "12345"</span>
				<div class='pre'>passed</div>
			
		</li>
		<li test-id='14' class='node and pass' status='pass'>
			
			<b>And</b>
			
			<span class="bdd-step-name">And I enter Country "United States"</span>
				<div class='pre'>passed</div>
			
		</li>
		<li test-id='15' class='node and pass' status='pass'>
			
			<b>And</b>
			
			<span class="bdd-step-name">And I enter Mobile number "01234567893"</span>
				<div class='pre'>passed</div>
			
		</li>
		<li test-id='16' class='node and pass' status='pass'>
			
			<b>And</b>
			
			<span class="bdd-step-name">And I enter Address Alias "main home"</span>
				<div class='pre'>passed</div>
			
		</li>
		<li test-id='17' class='node and pass' status='pass'>
			
			<b>And</b>
			
			<span class="bdd-step-name">And I click on Register button</span>
				<div class='pre'>passed</div>
			
		</li>
		<li test-id='18' class='node then pass' status='pass'>
			
			<b>Then</b>
			
			<span class="bdd-step-name">Then Verify message "My account"</span>
				<div class='pre'>passed</div>
			
		</li>
	</ul>
</div>
					</div>
				</li>
				
				
				<li class='test displayed active has-leaf fail' status='fail' bdd='true' test-id='19'>
					<div class='test-heading'>
						<span class='test-name'>Sign In on Login Page</span>
						<span class='test-time'>Dec 12, 2021 12:17:36 PM</span>
						<span class='test-status right fail'>fail</span>
					</div>
					<div class='test-content hide'>
<div class='scenario node' test-id='20' status='pass'>
	<div class='category-list'>
		<span class='category label white-text'>@Regression</span>
		<span class='category label white-text'>@Smoke</span>
	</div>
	<span class='duration right label'>0h 0m 9s+127ms</span>
	<div class='desc'>
		<b>Scenario</b>
		<span class="desc-text">User Should navigate to login page successfully</span>
	</div>
	<ul class='steps'>
		<li test-id='21' class='node given pass' status='pass'>
			
			<b>Given</b>
			
			<span class="bdd-step-name">Given I am on HomePage</span>
				<div class='pre'>passed</div>
			
		</li>
		<li test-id='22' class='node when pass' status='pass'>
			
			<b>When</b>
			
			<span class="bdd-step-name">When I Click on Sign in link</span>
				<div class='pre'>passed</div>
			
		</li>
		<li test-id='23' class='node then pass' status='pass'>
			
			<b>Then</b>
			
			<span class="bdd-step-name">Then I verify that "AUTHENTICATION" message is displayed</span>
				<div class='pre'>passed</div>
			
		</li>
	</ul>
</div>
<div class='scenariooutline node' test-id='24' status='fail'>
	<span class='duration right label'>0h 2m 10s+347ms</span>
	<div class='desc'>
		<b>ScenarioOutline</b>
		<span class="desc-text">User should get Error Message with Invalid Credentials</span>
	</div>
	<ul class='steps'>
		<li test-id='25' class='node scenario fail' status='fail'>
			<div class='category-list'>
				<span class='category label white-text'>@Smoke</span>
				<span class='category label white-text'>@Regression</span>
			</div>
			
			<b>Scenario</b>
			
			<span class="bdd-step-name">User should get Error Message with Invalid Credentials</span>
			
				<ul class='steps'>
					<li test-id='26' class='node given pass' status='pass'><b>Given</b>
						<span class="bdd-step-name">Given I am on HomePage</span>
							<div class='pre'>passed</div>
					</li>
					<li test-id='27' class='node when pass' status='pass'><b>When</b>
						<span class="bdd-step-name">When I Click on Sign in link</span>
							<div class='pre'>passed</div>
					</li>
					<li test-id='28' class='node and pass' status='pass'><b>And</b>
						<span class="bdd-step-name">And I enter email ""</span>
							<div class='pre'>passed</div>
					</li>
					<li test-id='29' class='node and pass' status='pass'><b>And</b>
						<span class="bdd-step-name">And I enter password "123456"</span>
							<div class='pre'>passed</div>
					</li>
					<li test-id='30' class='node and pass' status='pass'><b>And</b>
						<span class="bdd-step-name">And I click on Sign In Button</span>
							<div class='pre'>passed</div>
					</li>
					<li test-id='31' class='node then fail' status='fail'><b>Then</b>
						<span class="bdd-step-name">Then I should see error message "An email address required."</span>
						<ul class='screenshots right'>
							<li><a data-featherlight="image" href="C:\Users\Admin\IdeaProjects\cucumber-Week-15/src/main/java/com/automation/screenshots/User_should_get_Error_Message_with_Invalid_Credentials20211212121817.png"><i class='material-icons'>panorama</i></a></li>
						</ul>
							<div class='pre'><pre>org.openqa.selenium.NoSuchElementException: no such element: Unable to locate element: {"method":"xpath","selector":"(//div[@class='alert alert-danger'])//ol//li"}
  (Session info: chrome=96.0.4664.93)
For documentation on this error, please visit: https://selenium.dev/exceptions/#no_such_element
Build info: version: '4.0.0', revision: '3a21814679'
System info: host: 'DESKTOP-CO59VCQ', ip: '192.168.50.26', os.name: 'Windows 10', os.arch: 'amd64', os.version: '10.0', java.version: '1.8.0_121'
Driver info: org.openqa.selenium.chrome.ChromeDriver
Command: [53ad93c85a287107fa0e23c51d70bd28, findElement {using=xpath, value=(//div[@class='alert alert-danger'])//ol//li}]
Capabilities {acceptInsecureCerts: false, browserName: chrome, browserVersion: 96.0.4664.93, chrome: {chromedriverVersion: 96.0.4664.45 (76e4c1bb2ab46..., userDataDir: C:\Users\Admin\AppData\Loca...}, goog:chromeOptions: {debuggerAddress: localhost:56958}, javascriptEnabled: true, networkConnectionEnabled: false, pageLoadStrategy: normal, platform: WINDOWS, platformName: WINDOWS, proxy: Proxy(), se:cdp: ws://localhost:56958/devtoo..., se:cdpVersion: 96.0.4664.93, setWindowRect: true, strictFileInteractability: false, timeouts: {implicit: 0, pageLoad: 300000, script: 30000}, unhandledPromptBehavior: dismiss and notify, webauthn:extension:credBlob: true, webauthn:extension:largeBlob: true, webauthn:virtualAuthenticators: true}
Session ID: 53ad93c85a287107fa0e23c51d70bd28
	at sun.reflect.NativeConstructorAccessorImpl.newInstance0(Native Method)
	at sun.reflect.NativeConstructorAccessorImpl.newInstance(NativeConstructorAccessorImpl.java:62)
	at sun.reflect.DelegatingConstructorAccessorImpl.newInstance(DelegatingConstructorAccessorImpl.java:45)
	at java.lang.reflect.Constructor.newInstance(Constructor.java:423)
	at org.openqa.selenium.remote.codec.w3c.W3CHttpResponseCodec.createException(W3CHttpResponseCodec.java:200)
	at org.openqa.selenium.remote.codec.w3c.W3CHttpResponseCodec.decode(W3CHttpResponseCodec.java:133)
	at org.openqa.selenium.remote.codec.w3c.W3CHttpResponseCodec.decode(W3CHttpResponseCodec.java:53)
	at org.openqa.selenium.remote.HttpCommandExecutor.execute(HttpCommandExecutor.java:184)
	at org.openqa.selenium.remote.service.DriverCommandExecutor.invokeExecute(DriverCommandExecutor.java:164)
	at org.openqa.selenium.remote.service.DriverCommandExecutor.execute(DriverCommandExecutor.java:139)
	at org.openqa.selenium.remote.RemoteWebDriver.execute(RemoteWebDriver.java:559)
	at org.openqa.selenium.remote.ElementLocation$ElementFinder$2.findElement(ElementLocation.java:162)
	at org.openqa.selenium.remote.ElementLocation.findElement(ElementLocation.java:60)
	at org.openqa.selenium.remote.RemoteWebDriver.findElement(RemoteWebDriver.java:383)
	at org.openqa.selenium.remote.RemoteWebDriver.findElement(RemoteWebDriver.java:375)
	at org.openqa.selenium.support.pagefactory.DefaultElementLocator.findElement(DefaultElementLocator.java:70)
	at org.openqa.selenium.support.pagefactory.internal.LocatingElementHandler.invoke(LocatingElementHandler.java:39)
	at com.sun.proxy.$Proxy23.getText(Unknown Source)
	at com.automation.utility.Utility.getTextFromElement(Utility.java:38)
	at com.automation.pages.SignInPage.getVerifyAuthenticationFailedMessage(SignInPage.java:84)
	at com.automation.cucumber.steps.LoginTestPage.iShouldSeeErrorMessage(LoginTestPage.java:47)
	at ✽.Then I should see error message "An email address required."(signIn.feature:15)
</pre></div>
					</li>
				</ul>
		</li>
		<li test-id='32' class='node scenario fail' status='fail'>
			<div class='category-list'>
				<span class='category label white-text'>@Smoke</span>
				<span class='category label white-text'>@Regression</span>
			</div>
			
			<b>Scenario</b>
			
			<span class="bdd-step-name">User should get Error Message with Invalid Credentials</span>
			
				<ul class='steps'>
					<li test-id='33' class='node given pass' status='pass'><b>Given</b>
						<span class="bdd-step-name">Given I am on HomePage</span>
							<div class='pre'>passed</div>
					</li>
					<li test-id='34' class='node when pass' status='pass'><b>When</b>
						<span class="bdd-step-name">When I Click on Sign in link</span>
							<div class='pre'>passed</div>
					</li>
					<li test-id='35' class='node and pass' status='pass'><b>And</b>
						<span class="bdd-step-name">And I enter email "abcd@gmail.com"</span>
							<div class='pre'>passed</div>
					</li>
					<li test-id='36' class='node and pass' status='pass'><b>And</b>
						<span class="bdd-step-name">And I enter password ""</span>
							<div class='pre'>passed</div>
					</li>
					<li test-id='37' class='node and pass' status='pass'><b>And</b>
						<span class="bdd-step-name">And I click on Sign In Button</span>
							<div class='pre'>passed</div>
					</li>
					<li test-id='38' class='node then fail' status='fail'><b>Then</b>
						<span class="bdd-step-name">Then I should see error message "Password is required."</span>
						<ul class='screenshots right'>
							<li><a data-featherlight="image" href="C:\Users\Admin\IdeaProjects\cucumber-Week-15/src/main/java/com/automation/screenshots/User_should_get_Error_Message_with_Invalid_Credentials20211212121850.png"><i class='material-icons'>panorama</i></a></li>
						</ul>
							<div class='pre'><pre>org.openqa.selenium.NoSuchElementException: no such element: Unable to locate element: {"method":"xpath","selector":"(//div[@class='alert alert-danger'])//ol//li"}
  (Session info: chrome=96.0.4664.93)
For documentation on this error, please visit: https://selenium.dev/exceptions/#no_such_element
Build info: version: '4.0.0', revision: '3a21814679'
System info: host: 'DESKTOP-CO59VCQ', ip: '192.168.50.26', os.name: 'Windows 10', os.arch: 'amd64', os.version: '10.0', java.version: '1.8.0_121'
Driver info: org.openqa.selenium.chrome.ChromeDriver
Command: [8ede4e3a132adee71190bd2a191ee6dd, findElement {using=xpath, value=(//div[@class='alert alert-danger'])//ol//li}]
Capabilities {acceptInsecureCerts: false, browserName: chrome, browserVersion: 96.0.4664.93, chrome: {chromedriverVersion: 96.0.4664.45 (76e4c1bb2ab46..., userDataDir: C:\Users\Admin\AppData\Loca...}, goog:chromeOptions: {debuggerAddress: localhost:56999}, javascriptEnabled: true, networkConnectionEnabled: false, pageLoadStrategy: normal, platform: WINDOWS, platformName: WINDOWS, proxy: Proxy(), se:cdp: ws://localhost:56999/devtoo..., se:cdpVersion: 96.0.4664.93, setWindowRect: true, strictFileInteractability: false, timeouts: {implicit: 0, pageLoad: 300000, script: 30000}, unhandledPromptBehavior: dismiss and notify, webauthn:extension:credBlob: true, webauthn:extension:largeBlob: true, webauthn:virtualAuthenticators: true}
Session ID: 8ede4e3a132adee71190bd2a191ee6dd
	at sun.reflect.NativeConstructorAccessorImpl.newInstance0(Native Method)
	at sun.reflect.NativeConstructorAccessorImpl.newInstance(NativeConstructorAccessorImpl.java:62)
	at sun.reflect.DelegatingConstructorAccessorImpl.newInstance(DelegatingConstructorAccessorImpl.java:45)
	at java.lang.reflect.Constructor.newInstance(Constructor.java:423)
	at org.openqa.selenium.remote.codec.w3c.W3CHttpResponseCodec.createException(W3CHttpResponseCodec.java:200)
	at org.openqa.selenium.remote.codec.w3c.W3CHttpResponseCodec.decode(W3CHttpResponseCodec.java:133)
	at org.openqa.selenium.remote.codec.w3c.W3CHttpResponseCodec.decode(W3CHttpResponseCodec.java:53)
	at org.openqa.selenium.remote.HttpCommandExecutor.execute(HttpCommandExecutor.java:184)
	at org.openqa.selenium.remote.service.DriverCommandExecutor.invokeExecute(DriverCommandExecutor.java:164)
	at org.openqa.selenium.remote.service.DriverCommandExecutor.execute(DriverCommandExecutor.java:139)
	at org.openqa.selenium.remote.RemoteWebDriver.execute(RemoteWebDriver.java:559)
	at org.openqa.selenium.remote.ElementLocation$ElementFinder$2.findElement(ElementLocation.java:162)
	at org.openqa.selenium.remote.ElementLocation.findElement(ElementLocation.java:60)
	at org.openqa.selenium.remote.RemoteWebDriver.findElement(RemoteWebDriver.java:383)
	at org.openqa.selenium.remote.RemoteWebDriver.findElement(RemoteWebDriver.java:375)
	at org.openqa.selenium.support.pagefactory.DefaultElementLocator.findElement(DefaultElementLocator.java:70)
	at org.openqa.selenium.support.pagefactory.internal.LocatingElementHandler.invoke(LocatingElementHandler.java:39)
	at com.sun.proxy.$Proxy23.getText(Unknown Source)
	at com.automation.utility.Utility.getTextFromElement(Utility.java:38)
	at com.automation.pages.SignInPage.getVerifyAuthenticationFailedMessage(SignInPage.java:84)
	at com.automation.cucumber.steps.LoginTestPage.iShouldSeeErrorMessage(LoginTestPage.java:47)
	at ✽.Then I should see error message "Password is required."(signIn.feature:15)
</pre></div>
					</li>
				</ul>
		</li>
		<li test-id='39' class='node scenario fail' status='fail'>
			<div class='category-list'>
				<span class='category label white-text'>@Smoke</span>
				<span class='category label white-text'>@Regression</span>
			</div>
			
			<b>Scenario</b>
			
			<span class="bdd-step-name">User should get Error Message with Invalid Credentials</span>
			
				<ul class='steps'>
					<li test-id='40' class='node given pass' status='pass'><b>Given</b>
						<span class="bdd-step-name">Given I am on HomePage</span>
							<div class='pre'>passed</div>
					</li>
					<li test-id='41' class='node when pass' status='pass'><b>When</b>
						<span class="bdd-step-name">When I Click on Sign in link</span>
							<div class='pre'>passed</div>
					</li>
					<li test-id='42' class='node and pass' status='pass'><b>And</b>
						<span class="bdd-step-name">And I enter email "adfdfgfg"</span>
							<div class='pre'>passed</div>
					</li>
					<li test-id='43' class='node and pass' status='pass'><b>And</b>
						<span class="bdd-step-name">And I enter password "123456"</span>
							<div class='pre'>passed</div>
					</li>
					<li test-id='44' class='node and pass' status='pass'><b>And</b>
						<span class="bdd-step-name">And I click on Sign In Button</span>
							<div class='pre'>passed</div>
					</li>
					<li test-id='45' class='node then fail' status='fail'><b>Then</b>
						<span class="bdd-step-name">Then I should see error message "Invalid email address."</span>
						<ul class='screenshots right'>
							<li><a data-featherlight="image" href="C:\Users\Admin\IdeaProjects\cucumber-Week-15/src/main/java/com/automation/screenshots/User_should_get_Error_Message_with_Invalid_Credentials20211212121922.png"><i class='material-icons'>panorama</i></a></li>
						</ul>
							<div class='pre'><pre>org.openqa.selenium.NoSuchElementException: no such element: Unable to locate element: {"method":"xpath","selector":"(//div[@class='alert alert-danger'])//ol//li"}
  (Session info: chrome=96.0.4664.93)
For documentation on this error, please visit: https://selenium.dev/exceptions/#no_such_element
Build info: version: '4.0.0', revision: '3a21814679'
System info: host: 'DESKTOP-CO59VCQ', ip: '192.168.50.26', os.name: 'Windows 10', os.arch: 'amd64', os.version: '10.0', java.version: '1.8.0_121'
Driver info: org.openqa.selenium.chrome.ChromeDriver
Command: [834482a8a1c8bdae28197ca198484987, findElement {using=xpath, value=(//div[@class='alert alert-danger'])//ol//li}]
Capabilities {acceptInsecureCerts: false, browserName: chrome, browserVersion: 96.0.4664.93, chrome: {chromedriverVersion: 96.0.4664.45 (76e4c1bb2ab46..., userDataDir: C:\Users\Admin\AppData\Loca...}, goog:chromeOptions: {debuggerAddress: localhost:57031}, javascriptEnabled: true, networkConnectionEnabled: false, pageLoadStrategy: normal, platform: WINDOWS, platformName: WINDOWS, proxy: Proxy(), se:cdp: ws://localhost:57031/devtoo..., se:cdpVersion: 96.0.4664.93, setWindowRect: true, strictFileInteractability: false, timeouts: {implicit: 0, pageLoad: 300000, script: 30000}, unhandledPromptBehavior: dismiss and notify, webauthn:extension:credBlob: true, webauthn:extension:largeBlob: true, webauthn:virtualAuthenticators: true}
Session ID: 834482a8a1c8bdae28197ca198484987
	at sun.reflect.NativeConstructorAccessorImpl.newInstance0(Native Method)
	at sun.reflect.NativeConstructorAccessorImpl.newInstance(NativeConstructorAccessorImpl.java:62)
	at sun.reflect.DelegatingConstructorAccessorImpl.newInstance(DelegatingConstructorAccessorImpl.java:45)
	at java.lang.reflect.Constructor.newInstance(Constructor.java:423)
	at org.openqa.selenium.remote.codec.w3c.W3CHttpResponseCodec.createException(W3CHttpResponseCodec.java:200)
	at org.openqa.selenium.remote.codec.w3c.W3CHttpResponseCodec.decode(W3CHttpResponseCodec.java:133)
	at org.openqa.selenium.remote.codec.w3c.W3CHttpResponseCodec.decode(W3CHttpResponseCodec.java:53)
	at org.openqa.selenium.remote.HttpCommandExecutor.execute(HttpCommandExecutor.java:184)
	at org.openqa.selenium.remote.service.DriverCommandExecutor.invokeExecute(DriverCommandExecutor.java:164)
	at org.openqa.selenium.remote.service.DriverCommandExecutor.execute(DriverCommandExecutor.java:139)
	at org.openqa.selenium.remote.RemoteWebDriver.execute(RemoteWebDriver.java:559)
	at org.openqa.selenium.remote.ElementLocation$ElementFinder$2.findElement(ElementLocation.java:162)
	at org.openqa.selenium.remote.ElementLocation.findElement(ElementLocation.java:60)
	at org.openqa.selenium.remote.RemoteWebDriver.findElement(RemoteWebDriver.java:383)
	at org.openqa.selenium.remote.RemoteWebDriver.findElement(RemoteWebDriver.java:375)
	at org.openqa.selenium.support.pagefactory.DefaultElementLocator.findElement(DefaultElementLocator.java:70)
	at org.openqa.selenium.support.pagefactory.internal.LocatingElementHandler.invoke(LocatingElementHandler.java:39)
	at com.sun.proxy.$Proxy23.getText(Unknown Source)
	at com.automation.utility.Utility.getTextFromElement(Utility.java:38)
	at com.automation.pages.SignInPage.getVerifyAuthenticationFailedMessage(SignInPage.java:84)
	at com.automation.cucumber.steps.LoginTestPage.iShouldSeeErrorMessage(LoginTestPage.java:47)
	at ✽.Then I should see error message "Invalid email address."(signIn.feature:15)
</pre></div>
					</li>
				</ul>
		</li>
		<li test-id='46' class='node scenario fail' status='fail'>
			<div class='category-list'>
				<span class='category label white-text'>@Smoke</span>
				<span class='category label white-text'>@Regression</span>
			</div>
			
			<b>Scenario</b>
			
			<span class="bdd-step-name">User should get Error Message with Invalid Credentials</span>
			
				<ul class='steps'>
					<li test-id='47' class='node given pass' status='pass'><b>Given</b>
						<span class="bdd-step-name">Given I am on HomePage</span>
							<div class='pre'>passed</div>
					</li>
					<li test-id='48' class='node when pass' status='pass'><b>When</b>
						<span class="bdd-step-name">When I Click on Sign in link</span>
							<div class='pre'>passed</div>
					</li>
					<li test-id='49' class='node and pass' status='pass'><b>And</b>
						<span class="bdd-step-name">And I enter email "abcd@gmail.com"</span>
							<div class='pre'>passed</div>
					</li>
					<li test-id='50' class='node and pass' status='pass'><b>And</b>
						<span class="bdd-step-name">And I enter password "123456"</span>
							<div class='pre'>passed</div>
					</li>
					<li test-id='51' class='node and pass' status='pass'><b>And</b>
						<span class="bdd-step-name">And I click on Sign In Button</span>
							<div class='pre'>passed</div>
					</li>
					<li test-id='52' class='node then fail' status='fail'><b>Then</b>
						<span class="bdd-step-name">Then I should see error message "Authentication failed."</span>
						<ul class='screenshots right'>
							<li><a data-featherlight="image" href="C:\Users\Admin\IdeaProjects\cucumber-Week-15/src/main/java/com/automation/screenshots/User_should_get_Error_Message_with_Invalid_Credentials20211212121956.png"><i class='material-icons'>panorama</i></a></li>
						</ul>
							<div class='pre'><pre>org.openqa.selenium.NoSuchElementException: no such element: Unable to locate element: {"method":"xpath","selector":"(//div[@class='alert alert-danger'])//ol//li"}
  (Session info: chrome=96.0.4664.93)
For documentation on this error, please visit: https://selenium.dev/exceptions/#no_such_element
Build info: version: '4.0.0', revision: '3a21814679'
System info: host: 'DESKTOP-CO59VCQ', ip: '192.168.50.26', os.name: 'Windows 10', os.arch: 'amd64', os.version: '10.0', java.version: '1.8.0_121'
Driver info: org.openqa.selenium.chrome.ChromeDriver
Command: [cb8a6312a369aa3b3683ac71f430287a, findElement {using=xpath, value=(//div[@class='alert alert-danger'])//ol//li}]
Capabilities {acceptInsecureCerts: false, browserName: chrome, browserVersion: 96.0.4664.93, chrome: {chromedriverVersion: 96.0.4664.45 (76e4c1bb2ab46..., userDataDir: C:\Users\Admin\AppData\Loca...}, goog:chromeOptions: {debuggerAddress: localhost:57065}, javascriptEnabled: true, networkConnectionEnabled: false, pageLoadStrategy: normal, platform: WINDOWS, platformName: WINDOWS, proxy: Proxy(), se:cdp: ws://localhost:57065/devtoo..., se:cdpVersion: 96.0.4664.93, setWindowRect: true, strictFileInteractability: false, timeouts: {implicit: 0, pageLoad: 300000, script: 30000}, unhandledPromptBehavior: dismiss and notify, webauthn:extension:credBlob: true, webauthn:extension:largeBlob: true, webauthn:virtualAuthenticators: true}
Session ID: cb8a6312a369aa3b3683ac71f430287a
	at sun.reflect.NativeConstructorAccessorImpl.newInstance0(Native Method)
	at sun.reflect.NativeConstructorAccessorImpl.newInstance(NativeConstructorAccessorImpl.java:62)
	at sun.reflect.DelegatingConstructorAccessorImpl.newInstance(DelegatingConstructorAccessorImpl.java:45)
	at java.lang.reflect.Constructor.newInstance(Constructor.java:423)
	at org.openqa.selenium.remote.codec.w3c.W3CHttpResponseCodec.createException(W3CHttpResponseCodec.java:200)
	at org.openqa.selenium.remote.codec.w3c.W3CHttpResponseCodec.decode(W3CHttpResponseCodec.java:133)
	at org.openqa.selenium.remote.codec.w3c.W3CHttpResponseCodec.decode(W3CHttpResponseCodec.java:53)
	at org.openqa.selenium.remote.HttpCommandExecutor.execute(HttpCommandExecutor.java:184)
	at org.openqa.selenium.remote.service.DriverCommandExecutor.invokeExecute(DriverCommandExecutor.java:164)
	at org.openqa.selenium.remote.service.DriverCommandExecutor.execute(DriverCommandExecutor.java:139)
	at org.openqa.selenium.remote.RemoteWebDriver.execute(RemoteWebDriver.java:559)
	at org.openqa.selenium.remote.ElementLocation$ElementFinder$2.findElement(ElementLocation.java:162)
	at org.openqa.selenium.remote.ElementLocation.findElement(ElementLocation.java:60)
	at org.openqa.selenium.remote.RemoteWebDriver.findElement(RemoteWebDriver.java:383)
	at org.openqa.selenium.remote.RemoteWebDriver.findElement(RemoteWebDriver.java:375)
	at org.openqa.selenium.support.pagefactory.DefaultElementLocator.findElement(DefaultElementLocator.java:70)
	at org.openqa.selenium.support.pagefactory.internal.LocatingElementHandler.invoke(LocatingElementHandler.java:39)
	at com.sun.proxy.$Proxy23.getText(Unknown Source)
	at com.automation.utility.Utility.getTextFromElement(Utility.java:38)
	at com.automation.pages.SignInPage.getVerifyAuthenticationFailedMessage(SignInPage.java:84)
	at com.automation.cucumber.steps.LoginTestPage.iShouldSeeErrorMessage(LoginTestPage.java:47)
	at ✽.Then I should see error message "Authentication failed."(signIn.feature:15)
</pre></div>
					</li>
				</ul>
		</li>
	</ul>
</div>
					</div>
				</li>
				
				
				<li class='test displayed active has-leaf pass' status='pass' bdd='true' test-id='53'>
					<div class='test-heading'>
						<span class='test-name'>Women Category Page Test</span>
						<span class='test-time'>Dec 12, 2021 12:19:57 PM</span>
						<span class='test-status right pass'>pass</span>
					</div>
					<div class='test-content hide'>
<div class='scenariooutline node' test-id='54' status='pass'>
	<span class='duration right label'>0h 0m 52s+226ms</span>
	<div class='desc'>
		<b>ScenarioOutline</b>
		<span class="desc-text">Verify User Should Add Product To The Cart Successfully</span>
	</div>
	<ul class='steps'>
		<li test-id='55' class='node scenario pass' status='pass'>
			<div class='category-list'>
				<span class='category label white-text'>@Smoke</span>
				<span class='category label white-text'>@Regression</span>
			</div>
			
			<b>Scenario</b>
			
			<span class="bdd-step-name">Verify User Should Add Product To The Cart Successfully</span>
			
				<ul class='steps'>
					<li test-id='56' class='node given pass' status='pass'><b>Given</b>
						<span class="bdd-step-name">Given I am on HomePage</span>
							<div class='pre'>passed</div>
					</li>
					<li test-id='57' class='node and pass' status='pass'><b>And</b>
						<span class="bdd-step-name">And I click on Women Tab</span>
							<div class='pre'>passed</div>
					</li>
					<li test-id='58' class='node and pass' status='pass'><b>And</b>
						<span class="bdd-step-name">And I Click on the product "Blouse"</span>
							<div class='pre'>passed</div>
					</li>
					<li test-id='59' class='node and pass' status='pass'><b>And</b>
						<span class="bdd-step-name">And I change quantity "2"</span>
							<div class='pre'>passed</div>
					</li>
					<li test-id='60' class='node and pass' status='pass'><b>And</b>
						<span class="bdd-step-name">And Select size "M"</span>
							<div class='pre'>passed</div>
					</li>
					<li test-id='61' class='node and pass' status='pass'><b>And</b>
						<span class="bdd-step-name">And Select colour "White"</span>
							<div class='pre'>passed</div>
					</li>
					<li test-id='62' class='node and pass' status='pass'><b>And</b>
						<span class="bdd-step-name">And Click on Add To Cart Button</span>
							<div class='pre'>passed</div>
					</li>
					<li test-id='63' class='node and pass' status='pass'><b>And</b>
						<span class="bdd-step-name">And Popup will display</span>
							<div class='pre'>passed</div>
					</li>
					<li test-id='64' class='node then pass' status='pass'><b>Then</b>
						<span class="bdd-step-name">Then Verify the message "Product successfully added to your shopping cart"</span>
							<div class='pre'>passed</div>
					</li>
					<li test-id='65' class='node and pass' status='pass'><b>And</b>
						<span class="bdd-step-name">And Click on X button and close the popup</span>
							<div class='pre'>passed</div>
					</li>
				</ul>
		</li>
		<li test-id='66' class='node scenario pass' status='pass'>
			<div class='category-list'>
				<span class='category label white-text'>@Smoke</span>
				<span class='category label white-text'>@Regression</span>
			</div>
			
			<b>Scenario</b>
			
			<span class="bdd-step-name">Verify User Should Add Product To The Cart Successfully</span>
			
				<ul class='steps'>
					<li test-id='67' class='node given pass' status='pass'><b>Given</b>
						<span class="bdd-step-name">Given I am on HomePage</span>
							<div class='pre'>passed</div>
					</li>
					<li test-id='68' class='node and pass' status='pass'><b>And</b>
						<span class="bdd-step-name">And I click on Women Tab</span>
							<div class='pre'>passed</div>
					</li>
					<li test-id='69' class='node and pass' status='pass'><b>And</b>
						<span class="bdd-step-name">And I Click on the product "Printed Dress"</span>
							<div class='pre'>passed</div>
					</li>
					<li test-id='70' class='node and pass' status='pass'><b>And</b>
						<span class="bdd-step-name">And I change quantity "3"</span>
							<div class='pre'>passed</div>
					</li>
					<li test-id='71' class='node and pass' status='pass'><b>And</b>
						<span class="bdd-step-name">And Select size "L"</span>
							<div class='pre'>passed</div>
					</li>
					<li test-id='72' class='node and pass' status='pass'><b>And</b>
						<span class="bdd-step-name">And Select colour "Orange"</span>
							<div class='pre'>passed</div>
					</li>
					<li test-id='73' class='node and pass' status='pass'><b>And</b>
						<span class="bdd-step-name">And Click on Add To Cart Button</span>
							<div class='pre'>passed</div>
					</li>
					<li test-id='74' class='node and pass' status='pass'><b>And</b>
						<span class="bdd-step-name">And Popup will display</span>
							<div class='pre'>passed</div>
					</li>
					<li test-id='75' class='node then pass' status='pass'><b>Then</b>
						<span class="bdd-step-name">Then Verify the message "Product successfully added to your shopping cart"</span>
							<div class='pre'>passed</div>
					</li>
					<li test-id='76' class='node and pass' status='pass'><b>And</b>
						<span class="bdd-step-name">And Click on X button and close the popup</span>
							<div class='pre'>passed</div>
					</li>
				</ul>
		</li>
		<li test-id='77' class='node scenario pass' status='pass'>
			<div class='category-list'>
				<span class='category label white-text'>@Smoke</span>
				<span class='category label white-text'>@Regression</span>
			</div>
			
			<b>Scenario</b>
			
			<span class="bdd-step-name">Verify User Should Add Product To The Cart Successfully</span>
			
				<ul class='steps'>
					<li test-id='78' class='node given pass' status='pass'><b>Given</b>
						<span class="bdd-step-name">Given I am on HomePage</span>
							<div class='pre'>passed</div>
					</li>
					<li test-id='79' class='node and pass' status='pass'><b>And</b>
						<span class="bdd-step-name">And I click on Women Tab</span>
							<div class='pre'>passed</div>
					</li>
					<li test-id='80' class='node and pass' status='pass'><b>And</b>
						<span class="bdd-step-name">And I Click on the product "Printed Chiffon Dress"</span>
							<div class='pre'>passed</div>
					</li>
					<li test-id='81' class='node and pass' status='pass'><b>And</b>
						<span class="bdd-step-name">And I change quantity "4"</span>
							<div class='pre'>passed</div>
					</li>
					<li test-id='82' class='node and pass' status='pass'><b>And</b>
						<span class="bdd-step-name">And Select size "S"</span>
							<div class='pre'>passed</div>
					</li>
					<li test-id='83' class='node and pass' status='pass'><b>And</b>
						<span class="bdd-step-name">And Select colour "Green"</span>
							<div class='pre'>passed</div>
					</li>
					<li test-id='84' class='node and pass' status='pass'><b>And</b>
						<span class="bdd-step-name">And Click on Add To Cart Button</span>
							<div class='pre'>passed</div>
					</li>
					<li test-id='85' class='node and pass' status='pass'><b>And</b>
						<span class="bdd-step-name">And Popup will display</span>
							<div class='pre'>passed</div>
					</li>
					<li test-id='86' class='node then pass' status='pass'><b>Then</b>
						<span class="bdd-step-name">Then Verify the message "Product successfully added to your shopping cart"</span>
							<div class='pre'>passed</div>
					</li>
					<li test-id='87' class='node and pass' status='pass'><b>And</b>
						<span class="bdd-step-name">And Click on X button and close the popup</span>
							<div class='pre'>passed</div>
					</li>
				</ul>
		</li>
		<li test-id='88' class='node scenario pass' status='pass'>
			<div class='category-list'>
				<span class='category label white-text'>@Smoke</span>
				<span class='category label white-text'>@Regression</span>
			</div>
			
			<b>Scenario</b>
			
			<span class="bdd-step-name">Verify User Should Add Product To The Cart Successfully</span>
			
				<ul class='steps'>
					<li test-id='89' class='node given pass' status='pass'><b>Given</b>
						<span class="bdd-step-name">Given I am on HomePage</span>
							<div class='pre'>passed</div>
					</li>
					<li test-id='90' class='node and pass' status='pass'><b>And</b>
						<span class="bdd-step-name">And I click on Women Tab</span>
							<div class='pre'>passed</div>
					</li>
					<li test-id='91' class='node and pass' status='pass'><b>And</b>
						<span class="bdd-step-name">And I Click on the product "Printed Summer Dress"</span>
							<div class='pre'>passed</div>
					</li>
					<li test-id='92' class='node and pass' status='pass'><b>And</b>
						<span class="bdd-step-name">And I change quantity "2"</span>
							<div class='pre'>passed</div>
					</li>
					<li test-id='93' class='node and pass' status='pass'><b>And</b>
						<span class="bdd-step-name">And Select size "M"</span>
							<div class='pre'>passed</div>
					</li>
					<li test-id='94' class='node and pass' status='pass'><b>And</b>
						<span class="bdd-step-name">And Select colour "Blue"</span>
							<div class='pre'>passed</div>
					</li>
					<li test-id='95' class='node and pass' status='pass'><b>And</b>
						<span class="bdd-step-name">And Click on Add To Cart Button</span>
							<div class='pre'>passed</div>
					</li>
					<li test-id='96' class='node and pass' status='pass'><b>And</b>
						<span class="bdd-step-name">And Popup will display</span>
							<div class='pre'>passed</div>
					</li>
					<li test-id='97' class='node then pass' status='pass'><b>Then</b>
						<span class="bdd-step-name">Then Verify the message "Product successfully added to your shopping cart"</span>
							<div class='pre'>passed</div>
					</li>
					<li test-id='98' class='node and pass' status='pass'><b>And</b>
						<span class="bdd-step-name">And Click on X button and close the popup</span>
							<div class='pre'>passed</div>
					</li>
				</ul>
		</li>
	</ul>
</div>
					</div>
				</li>
			</ul>
		</div>
	</div>
	<!-- subview left -->

	<div class='subview-right left'>
		<div class='view-summary'>
			<h5 class='test-name'></h5>

			<div id='step-filters' class="right">
				<span class="blue-text" status="info" alt="info" title="info"><i class="material-icons">info_outline</i></span>
				<span class="green-text" status="pass" alt="pass" title="pass"><i class="material-icons">check_circle</i></span>
				<span class="red-text" status="fail" alt="fail" title="fail"><i class="material-icons">cancel</i></span>
				<span class="red-text text-darken-4" status="fatal" alt="fatal" title="fatal"><i class="material-icons">cancel</i></span>
				<span class="pink-text text-lighten-1" status="error" alt="error" title="error"><i class="material-icons">error</i></span>
				<span class="orange-text" alt="warning" status="warning" title="warning"><i class="material-icons">warning</i></span>
				<span class="teal-text" status="skip" alt="skip" title="skip"><i class="material-icons">redo</i></span>
				<span status="clear" alt="Clear filters" title="Clear filters"><i class="material-icons">clear</i></span>
			</div>
		</div>
	</div>
	<!-- subview right -->

</div>
<!-- test view -->
<div id='category-view' class='view hide'>

	<section id='controls'>
		<div class='controls grey lighten-4'>
			<!-- search -->
			<div class='chip transparent' alt='Search Tests' title='Search Tests'>
				<a href="#" class='search-div'>
					<i class='material-icons'>search</i> Search
				</a>
				
				<div class='input-field left hide'>
					<input id='search-tests' type='text' class='validate browser-default' placeholder='Search Tests...'>
				</div>
				
			</div>
			<!-- search -->
		</div>
	</section>

	<div class='subview-left left'>
		
		<div class='view-summary'>
			<h5>Categories</h3>
			<ul id='category-collection' class='category-collection'>
				
				<li class='category displayed active'>
					<div class='category-heading'>
						<span class='category-name'>@Regression</span>
						<span class='category-status right'>
							<span class='label pass'>6</span>
							<span class='label fail'>4</span>
						</span>
					</div>
					<div class='category-content hide'>
						<div class='category-status-counts'>
							<span class='label green accent-4 white-text'>Passed: 6</span>
							<span class='label red lighten-1 white-text'>Failed: 4</span>
							
						</div>
					
						<div class='category-tests'>
							<table class='bordered table-results'>
								<thead>
									<tr>
										<th>Timestamp</th>
										<th>TestName</th>
										<th>Status</th>
									</tr>
								</thead>
								<tbody>
									<tr>
										<td>Dec 12, 2021 12:16:43 PM</td>
										<td class='linked' test-id='2'>Create an Account.User Should Create Account Successfully</td>
										<td><span class='test-status pass'>pass</span></td>
									</tr>
									<tr>
										<td>Dec 12, 2021 12:17:36 PM</td>
										<td class='linked' test-id='20'>Sign In on Login Page.User Should navigate to login page successfully</td>
										<td><span class='test-status pass'>pass</span></td>
									</tr>
									<tr>
										<td>Dec 12, 2021 12:17:46 PM</td>
										<td class='linked' test-id='25'>Sign In on Login Page.User should get Error Message with Invalid Credentials.User should get Error Message with Invalid Credentials</td>
										<td><span class='test-status fail'>fail</span></td>
									</tr>
									<tr>
										<td>Dec 12, 2021 12:18:18 PM</td>
										<td class='linked' test-id='32'>Sign In on Login Page.User should get Error Message with Invalid Credentials.User should get Error Message with Invalid Credentials</td>
										<td><span class='test-status fail'>fail</span></td>
									</tr>
									<tr>
										<td>Dec 12, 2021 12:18:51 PM</td>
										<td class='linked' test-id='39'>Sign In on Login Page.User should get Error Message with Invalid Credentials.User should get Error Message with Invalid Credentials</td>
										<td><span class='test-status fail'>fail</span></td>
									</tr>
									<tr>
										<td>Dec 12, 2021 12:19:23 PM</td>
										<td class='linked' test-id='46'>Sign In on Login Page.User should get Error Message with Invalid Credentials.User should get Error Message with Invalid Credentials</td>
										<td><span class='test-status fail'>fail</span></td>
									</tr>
									<tr>
										<td>Dec 12, 2021 12:19:57 PM</td>
										<td class='linked' test-id='55'>Women Category Page Test.Verify User Should Add Product To The Cart Successfully.Verify User Should Add Product To The Cart Successfully</td>
										<td><span class='test-status pass'>pass</span></td>
									</tr>
									<tr>
										<td>Dec 12, 2021 12:20:11 PM</td>
										<td class='linked' test-id='66'>Women Category Page Test.Verify User Should Add Product To The Cart Successfully.Verify User Should Add Product To The Cart Successfully</td>
										<td><span class='test-status pass'>pass</span></td>
									</tr>
									<tr>
										<td>Dec 12, 2021 12:20:23 PM</td>
										<td class='linked' test-id='77'>Women Category Page Test.Verify User Should Add Product To The Cart Successfully.Verify User Should Add Product To The Cart Successfully</td>
										<td><span class='test-status pass'>pass</span></td>
									</tr>
									<tr>
										<td>Dec 12, 2021 12:20:35 PM</td>
										<td class='linked' test-id='88'>Women Category Page Test.Verify User Should Add Product To The Cart Successfully.Verify User Should Add Product To The Cart Successfully</td>
										<td><span class='test-status pass'>pass</span></td>
									</tr>
								</tbody>
							</table>
						</div>
					</div>
				</li>
				<li class='category displayed active'>
					<div class='category-heading'>
						<span class='category-name'>@Smoke</span>
						<span class='category-status right'>
							<span class='label pass'>6</span>
							<span class='label fail'>4</span>
						</span>
					</div>
					<div class='category-content hide'>
						<div class='category-status-counts'>
							<span class='label green accent-4 white-text'>Passed: 6</span>
							<span class='label red lighten-1 white-text'>Failed: 4</span>
							
						</div>
					
						<div class='category-tests'>
							<table class='bordered table-results'>
								<thead>
									<tr>
										<th>Timestamp</th>
										<th>TestName</th>
										<th>Status</th>
									</tr>
								</thead>
								<tbody>
									<tr>
										<td>Dec 12, 2021 12:16:43 PM</td>
										<td class='linked' test-id='2'>Create an Account.User Should Create Account Successfully</td>
										<td><span class='test-status pass'>pass</span></td>
									</tr>
									<tr>
										<td>Dec 12, 2021 12:17:36 PM</td>
										<td class='linked' test-id='20'>Sign In on Login Page.User Should navigate to login page successfully</td>
										<td><span class='test-status pass'>pass</span></td>
									</tr>
									<tr>
										<td>Dec 12, 2021 12:17:46 PM</td>
										<td class='linked' test-id='25'>Sign In on Login Page.User should get Error Message with Invalid Credentials.User should get Error Message with Invalid Credentials</td>
										<td><span class='test-status fail'>fail</span></td>
									</tr>
									<tr>
										<td>Dec 12, 2021 12:18:18 PM</td>
										<td class='linked' test-id='32'>Sign In on Login Page.User should get Error Message with Invalid Credentials.User should get Error Message with Invalid Credentials</td>
										<td><span class='test-status fail'>fail</span></td>
									</tr>
									<tr>
										<td>Dec 12, 2021 12:18:51 PM</td>
										<td class='linked' test-id='39'>Sign In on Login Page.User should get Error Message with Invalid Credentials.User should get Error Message with Invalid Credentials</td>
										<td><span class='test-status fail'>fail</span></td>
									</tr>
									<tr>
										<td>Dec 12, 2021 12:19:23 PM</td>
										<td class='linked' test-id='46'>Sign In on Login Page.User should get Error Message with Invalid Credentials.User should get Error Message with Invalid Credentials</td>
										<td><span class='test-status fail'>fail</span></td>
									</tr>
									<tr>
										<td>Dec 12, 2021 12:19:57 PM</td>
										<td class='linked' test-id='55'>Women Category Page Test.Verify User Should Add Product To The Cart Successfully.Verify User Should Add Product To The Cart Successfully</td>
										<td><span class='test-status pass'>pass</span></td>
									</tr>
									<tr>
										<td>Dec 12, 2021 12:20:11 PM</td>
										<td class='linked' test-id='66'>Women Category Page Test.Verify User Should Add Product To The Cart Successfully.Verify User Should Add Product To The Cart Successfully</td>
										<td><span class='test-status pass'>pass</span></td>
									</tr>
									<tr>
										<td>Dec 12, 2021 12:20:23 PM</td>
										<td class='linked' test-id='77'>Women Category Page Test.Verify User Should Add Product To The Cart Successfully.Verify User Should Add Product To The Cart Successfully</td>
										<td><span class='test-status pass'>pass</span></td>
									</tr>
									<tr>
										<td>Dec 12, 2021 12:20:35 PM</td>
										<td class='linked' test-id='88'>Women Category Page Test.Verify User Should Add Product To The Cart Successfully.Verify User Should Add Product To The Cart Successfully</td>
										<td><span class='test-status pass'>pass</span></td>
									</tr>
								</tbody>
							</table>
						</div>
					</div>
				</li>

			</ul>
		</div>
	</div>

	<div class='subview-right left'>
		<div class='view-summary'>
			<h5 class='category-name'></h5>
		</div>
	</div>
</div>
<!-- category view -->
<div id='author-view' class='view hide'>
    <section id='controls'>
        <div class='controls grey lighten-4'>
            <!-- search -->
            <div class='chip transparent' alt='Search Authors' title='Search Authors'>
                <a href="#" class='search-div'>
                    <i class='material-icons'>search</i> Search
                </a>

                <div class='input-field left hide'>
                    <input id='search-tests' type='text' class='validate browser-default' placeholder='Search Authors...'>
                </div>

            </div>
            <!-- search -->
        </div>
    </section>

    <div class='subview-left left'>

        <div class='view-summary'>
            <h5>Authors</h5>
                <ul id='author-collection' class='author-collection'>

                        <li class='author displayed active'>
                            <div class='author-heading'>
                                <span class='author-name'>Jignesh</span>
                                <span class='author-status right'>
                                        <span class='label pass'>6</span>
                                        <span class='label fail'>4</span>
						        </span>
                            </div>
                            <div class='author-content hide'>
                                <div class='author-status-counts'>
                                    <span class='label green accent-4 white-text'>Passed: 6</span>
                                    <span class='label red lighten-1 white-text'>Failed: 4</span>
                                    
                                </div>

                                <div class='author-tests'>
                                    <table class='bordered table-results'>
                                        <thead>
                                        <tr>
                                            <th>Timestamp</th>
                                            <th>TestName</th>
                                            <th>Status</th>
                                        </tr>
                                        </thead>
                                        <tbody>
                                            <tr>
                                                <td>Dec 12, 2021 12:16:43 PM</td>
                                                <td class='linked' test-id='2'>Create an Account.User Should Create Account Successfully</td>
                                                <td><span class='test-status pass'>pass</span></td>
                                            </tr>
                                            <tr>
                                                <td>Dec 12, 2021 12:17:36 PM</td>
                                                <td class='linked' test-id='20'>Sign In on Login Page.User Should navigate to login page successfully</td>
                                                <td><span class='test-status pass'>pass</span></td>
                                            </tr>
                                            <tr>
                                                <td>Dec 12, 2021 12:17:46 PM</td>
                                                <td class='linked' test-id='25'>Sign In on Login Page.User should get Error Message with Invalid Credentials.User should get Error Message with Invalid Credentials</td>
                                                <td><span class='test-status fail'>fail</span></td>
                                            </tr>
                                            <tr>
                                                <td>Dec 12, 2021 12:18:18 PM</td>
                                                <td class='linked' test-id='32'>Sign In on Login Page.User should get Error Message with Invalid Credentials.User should get Error Message with Invalid Credentials</td>
                                                <td><span class='test-status fail'>fail</span></td>
                                            </tr>
                                            <tr>
                                                <td>Dec 12, 2021 12:18:51 PM</td>
                                                <td class='linked' test-id='39'>Sign In on Login Page.User should get Error Message with Invalid Credentials.User should get Error Message with Invalid Credentials</td>
                                                <td><span class='test-status fail'>fail</span></td>
                                            </tr>
                                            <tr>
                                                <td>Dec 12, 2021 12:19:23 PM</td>
                                                <td class='linked' test-id='46'>Sign In on Login Page.User should get Error Message with Invalid Credentials.User should get Error Message with Invalid Credentials</td>
                                                <td><span class='test-status fail'>fail</span></td>
                                            </tr>
                                            <tr>
                                                <td>Dec 12, 2021 12:19:57 PM</td>
                                                <td class='linked' test-id='55'>Women Category Page Test.Verify User Should Add Product To The Cart Successfully.Verify User Should Add Product To The Cart Successfully</td>
                                                <td><span class='test-status pass'>pass</span></td>
                                            </tr>
                                            <tr>
                                                <td>Dec 12, 2021 12:20:11 PM</td>
                                                <td class='linked' test-id='66'>Women Category Page Test.Verify User Should Add Product To The Cart Successfully.Verify User Should Add Product To The Cart Successfully</td>
                                                <td><span class='test-status pass'>pass</span></td>
                                            </tr>
                                            <tr>
                                                <td>Dec 12, 2021 12:20:23 PM</td>
                                                <td class='linked' test-id='77'>Women Category Page Test.Verify User Should Add Product To The Cart Successfully.Verify User Should Add Product To The Cart Successfully</td>
                                                <td><span class='test-status pass'>pass</span></td>
                                            </tr>
                                            <tr>
                                                <td>Dec 12, 2021 12:20:35 PM</td>
                                                <td class='linked' test-id='88'>Women Category Page Test.Verify User Should Add Product To The Cart Successfully.Verify User Should Add Product To The Cart Successfully</td>
                                                <td><span class='test-status pass'>pass</span></td>
                                            </tr>
                                        </tbody>
                                    </table>
                                </div>
                            </div>
                        </li>

                </ul>
        </div>
    </div>

    <div class='subview-right left'>
        <div class='view-summary'>
            <h5 class='author-name'></h5>
        </div>
    </div>
</div>
<div id='exception-view' class='view hide'>

    <section id='controls'>
        <div class='controls grey lighten-4'>
            <!-- search -->
            <div class='chip transparent' alt='Search Tests' title='Search Tests'>
                <a href="#" class='search-div'>
                    <i class='material-icons'>search</i> Search
                </a>

                <div class='input-field left hide'>
                    <input id='search-tests' type='text' class='validate browser-default' placeholder='Search Tests...'>
                </div>

            </div>
            <!-- search -->
        </div>
    </section>

    <div class='subview-left left'>

        <div class='view-summary'>
            <h5>Exceptions</h3>
                <ul id='exception-collection' class='exception-collection'>

                        <li class='exception displayed active'>
                            <div class='exception-heading'>
                                <span class='exception-name'>org.openqa.selenium.NoSuchElementException</span>
                                <span class='exception-count right'><span class='label red lighten-1 white-text'>4</span></span>
                            </div>
                            <div class='exception-content hide'>
                                <div class='exception-tests'>
                                    <table class='bordered table-results'>
                                        <thead>
                                        <tr>
                                            <th>Timestamp</th>
                                            <th>TestName</th>
                                            <th>Status</th>
                                        </tr>
                                        </thead>
                                        <tbody>
                                                    <tr>
                                                        <td>Dec 12, 2021 12:17:55 PM</td>
                                                        <td class='linked' test-id='31'>Sign In on Login Page.User should get Error Message with Invalid Credentials.User should get Error Message with Invalid Credentials.Then I should see error message "An email address required."</td>
                                                        <td><pre><pre>org.openqa.selenium.NoSuchElementException: no such element: Unable to locate element: {"method":"xpath","selector":"(//div[@class='alert alert-danger'])//ol//li"}
  (Session info: chrome=96.0.4664.93)
For documentation on this error, please visit: https://selenium.dev/exceptions/#no_such_element
Build info: version: '4.0.0', revision: '3a21814679'
System info: host: 'DESKTOP-CO59VCQ', ip: '192.168.50.26', os.name: 'Windows 10', os.arch: 'amd64', os.version: '10.0', java.version: '1.8.0_121'
Driver info: org.openqa.selenium.chrome.ChromeDriver
Command: [53ad93c85a287107fa0e23c51d70bd28, findElement {using=xpath, value=(//div[@class='alert alert-danger'])//ol//li}]
Capabilities {acceptInsecureCerts: false, browserName: chrome, browserVersion: 96.0.4664.93, chrome: {chromedriverVersion: 96.0.4664.45 (76e4c1bb2ab46..., userDataDir: C:\Users\Admin\AppData\Loca...}, goog:chromeOptions: {debuggerAddress: localhost:56958}, javascriptEnabled: true, networkConnectionEnabled: false, pageLoadStrategy: normal, platform: WINDOWS, platformName: WINDOWS, proxy: Proxy(), se:cdp: ws://localhost:56958/devtoo..., se:cdpVersion: 96.0.4664.93, setWindowRect: true, strictFileInteractability: false, timeouts: {implicit: 0, pageLoad: 300000, script: 30000}, unhandledPromptBehavior: dismiss and notify, webauthn:extension:credBlob: true, webauthn:extension:largeBlob: true, webauthn:virtualAuthenticators: true}
Session ID: 53ad93c85a287107fa0e23c51d70bd28
	at sun.reflect.NativeConstructorAccessorImpl.newInstance0(Native Method)
	at sun.reflect.NativeConstructorAccessorImpl.newInstance(NativeConstructorAccessorImpl.java:62)
	at sun.reflect.DelegatingConstructorAccessorImpl.newInstance(DelegatingConstructorAccessorImpl.java:45)
	at java.lang.reflect.Constructor.newInstance(Constructor.java:423)
	at org.openqa.selenium.remote.codec.w3c.W3CHttpResponseCodec.createException(W3CHttpResponseCodec.java:200)
	at org.openqa.selenium.remote.codec.w3c.W3CHttpResponseCodec.decode(W3CHttpResponseCodec.java:133)
	at org.openqa.selenium.remote.codec.w3c.W3CHttpResponseCodec.decode(W3CHttpResponseCodec.java:53)
	at org.openqa.selenium.remote.HttpCommandExecutor.execute(HttpCommandExecutor.java:184)
	at org.openqa.selenium.remote.service.DriverCommandExecutor.invokeExecute(DriverCommandExecutor.java:164)
	at org.openqa.selenium.remote.service.DriverCommandExecutor.execute(DriverCommandExecutor.java:139)
	at org.openqa.selenium.remote.RemoteWebDriver.execute(RemoteWebDriver.java:559)
	at org.openqa.selenium.remote.ElementLocation$ElementFinder$2.findElement(ElementLocation.java:162)
	at org.openqa.selenium.remote.ElementLocation.findElement(ElementLocation.java:60)
	at org.openqa.selenium.remote.RemoteWebDriver.findElement(RemoteWebDriver.java:383)
	at org.openqa.selenium.remote.RemoteWebDriver.findElement(RemoteWebDriver.java:375)
	at org.openqa.selenium.support.pagefactory.DefaultElementLocator.findElement(DefaultElementLocator.java:70)
	at org.openqa.selenium.support.pagefactory.internal.LocatingElementHandler.invoke(LocatingElementHandler.java:39)
	at com.sun.proxy.$Proxy23.getText(Unknown Source)
	at com.automation.utility.Utility.getTextFromElement(Utility.java:38)
	at com.automation.pages.SignInPage.getVerifyAuthenticationFailedMessage(SignInPage.java:84)
	at com.automation.cucumber.steps.LoginTestPage.iShouldSeeErrorMessage(LoginTestPage.java:47)
	at ✽.Then I should see error message "An email address required."(signIn.feature:15)
</pre></pre></td>
                                                    </tr>
                                                    <tr>
                                                        <td>Dec 12, 2021 12:18:28 PM</td>
                                                        <td class='linked' test-id='38'>Sign In on Login Page.User should get Error Message with Invalid Credentials.User should get Error Message with Invalid Credentials.Then I should see error message "Password is required."</td>
                                                        <td><pre><pre>org.openqa.selenium.NoSuchElementException: no such element: Unable to locate element: {"method":"xpath","selector":"(//div[@class='alert alert-danger'])//ol//li"}
  (Session info: chrome=96.0.4664.93)
For documentation on this error, please visit: https://selenium.dev/exceptions/#no_such_element
Build info: version: '4.0.0', revision: '3a21814679'
System info: host: 'DESKTOP-CO59VCQ', ip: '192.168.50.26', os.name: 'Windows 10', os.arch: 'amd64', os.version: '10.0', java.version: '1.8.0_121'
Driver info: org.openqa.selenium.chrome.ChromeDriver
Command: [8ede4e3a132adee71190bd2a191ee6dd, findElement {using=xpath, value=(//div[@class='alert alert-danger'])//ol//li}]
Capabilities {acceptInsecureCerts: false, browserName: chrome, browserVersion: 96.0.4664.93, chrome: {chromedriverVersion: 96.0.4664.45 (76e4c1bb2ab46..., userDataDir: C:\Users\Admin\AppData\Loca...}, goog:chromeOptions: {debuggerAddress: localhost:56999}, javascriptEnabled: true, networkConnectionEnabled: false, pageLoadStrategy: normal, platform: WINDOWS, platformName: WINDOWS, proxy: Proxy(), se:cdp: ws://localhost:56999/devtoo..., se:cdpVersion: 96.0.4664.93, setWindowRect: true, strictFileInteractability: false, timeouts: {implicit: 0, pageLoad: 300000, script: 30000}, unhandledPromptBehavior: dismiss and notify, webauthn:extension:credBlob: true, webauthn:extension:largeBlob: true, webauthn:virtualAuthenticators: true}
Session ID: 8ede4e3a132adee71190bd2a191ee6dd
	at sun.reflect.NativeConstructorAccessorImpl.newInstance0(Native Method)
	at sun.reflect.NativeConstructorAccessorImpl.newInstance(NativeConstructorAccessorImpl.java:62)
	at sun.reflect.DelegatingConstructorAccessorImpl.newInstance(DelegatingConstructorAccessorImpl.java:45)
	at java.lang.reflect.Constructor.newInstance(Constructor.java:423)
	at org.openqa.selenium.remote.codec.w3c.W3CHttpResponseCodec.createException(W3CHttpResponseCodec.java:200)
	at org.openqa.selenium.remote.codec.w3c.W3CHttpResponseCodec.decode(W3CHttpResponseCodec.java:133)
	at org.openqa.selenium.remote.codec.w3c.W3CHttpResponseCodec.decode(W3CHttpResponseCodec.java:53)
	at org.openqa.selenium.remote.HttpCommandExecutor.execute(HttpCommandExecutor.java:184)
	at org.openqa.selenium.remote.service.DriverCommandExecutor.invokeExecute(DriverCommandExecutor.java:164)
	at org.openqa.selenium.remote.service.DriverCommandExecutor.execute(DriverCommandExecutor.java:139)
	at org.openqa.selenium.remote.RemoteWebDriver.execute(RemoteWebDriver.java:559)
	at org.openqa.selenium.remote.ElementLocation$ElementFinder$2.findElement(ElementLocation.java:162)
	at org.openqa.selenium.remote.ElementLocation.findElement(ElementLocation.java:60)
	at org.openqa.selenium.remote.RemoteWebDriver.findElement(RemoteWebDriver.java:383)
	at org.openqa.selenium.remote.RemoteWebDriver.findElement(RemoteWebDriver.java:375)
	at org.openqa.selenium.support.pagefactory.DefaultElementLocator.findElement(DefaultElementLocator.java:70)
	at org.openqa.selenium.support.pagefactory.internal.LocatingElementHandler.invoke(LocatingElementHandler.java:39)
	at com.sun.proxy.$Proxy23.getText(Unknown Source)
	at com.automation.utility.Utility.getTextFromElement(Utility.java:38)
	at com.automation.pages.SignInPage.getVerifyAuthenticationFailedMessage(SignInPage.java:84)
	at com.automation.cucumber.steps.LoginTestPage.iShouldSeeErrorMessage(LoginTestPage.java:47)
	at ✽.Then I should see error message "Password is required."(signIn.feature:15)
</pre></pre></td>
                                                    </tr>
                                                    <tr>
                                                        <td>Dec 12, 2021 12:19:00 PM</td>
                                                        <td class='linked' test-id='45'>Sign In on Login Page.User should get Error Message with Invalid Credentials.User should get Error Message with Invalid Credentials.Then I should see error message "Invalid email address."</td>
                                                        <td><pre><pre>org.openqa.selenium.NoSuchElementException: no such element: Unable to locate element: {"method":"xpath","selector":"(//div[@class='alert alert-danger'])//ol//li"}
  (Session info: chrome=96.0.4664.93)
For documentation on this error, please visit: https://selenium.dev/exceptions/#no_such_element
Build info: version: '4.0.0', revision: '3a21814679'
System info: host: 'DESKTOP-CO59VCQ', ip: '192.168.50.26', os.name: 'Windows 10', os.arch: 'amd64', os.version: '10.0', java.version: '1.8.0_121'
Driver info: org.openqa.selenium.chrome.ChromeDriver
Command: [834482a8a1c8bdae28197ca198484987, findElement {using=xpath, value=(//div[@class='alert alert-danger'])//ol//li}]
Capabilities {acceptInsecureCerts: false, browserName: chrome, browserVersion: 96.0.4664.93, chrome: {chromedriverVersion: 96.0.4664.45 (76e4c1bb2ab46..., userDataDir: C:\Users\Admin\AppData\Loca...}, goog:chromeOptions: {debuggerAddress: localhost:57031}, javascriptEnabled: true, networkConnectionEnabled: false, pageLoadStrategy: normal, platform: WINDOWS, platformName: WINDOWS, proxy: Proxy(), se:cdp: ws://localhost:57031/devtoo..., se:cdpVersion: 96.0.4664.93, setWindowRect: true, strictFileInteractability: false, timeouts: {implicit: 0, pageLoad: 300000, script: 30000}, unhandledPromptBehavior: dismiss and notify, webauthn:extension:credBlob: true, webauthn:extension:largeBlob: true, webauthn:virtualAuthenticators: true}
Session ID: 834482a8a1c8bdae28197ca198484987
	at sun.reflect.NativeConstructorAccessorImpl.newInstance0(Native Method)
	at sun.reflect.NativeConstructorAccessorImpl.newInstance(NativeConstructorAccessorImpl.java:62)
	at sun.reflect.DelegatingConstructorAccessorImpl.newInstance(DelegatingConstructorAccessorImpl.java:45)
	at java.lang.reflect.Constructor.newInstance(Constructor.java:423)
	at org.openqa.selenium.remote.codec.w3c.W3CHttpResponseCodec.createException(W3CHttpResponseCodec.java:200)
	at org.openqa.selenium.remote.codec.w3c.W3CHttpResponseCodec.decode(W3CHttpResponseCodec.java:133)
	at org.openqa.selenium.remote.codec.w3c.W3CHttpResponseCodec.decode(W3CHttpResponseCodec.java:53)
	at org.openqa.selenium.remote.HttpCommandExecutor.execute(HttpCommandExecutor.java:184)
	at org.openqa.selenium.remote.service.DriverCommandExecutor.invokeExecute(DriverCommandExecutor.java:164)
	at org.openqa.selenium.remote.service.DriverCommandExecutor.execute(DriverCommandExecutor.java:139)
	at org.openqa.selenium.remote.RemoteWebDriver.execute(RemoteWebDriver.java:559)
	at org.openqa.selenium.remote.ElementLocation$ElementFinder$2.findElement(ElementLocation.java:162)
	at org.openqa.selenium.remote.ElementLocation.findElement(ElementLocation.java:60)
	at org.openqa.selenium.remote.RemoteWebDriver.findElement(RemoteWebDriver.java:383)
	at org.openqa.selenium.remote.RemoteWebDriver.findElement(RemoteWebDriver.java:375)
	at org.openqa.selenium.support.pagefactory.DefaultElementLocator.findElement(DefaultElementLocator.java:70)
	at org.openqa.selenium.support.pagefactory.internal.LocatingElementHandler.invoke(LocatingElementHandler.java:39)
	at com.sun.proxy.$Proxy23.getText(Unknown Source)
	at com.automation.utility.Utility.getTextFromElement(Utility.java:38)
	at com.automation.pages.SignInPage.getVerifyAuthenticationFailedMessage(SignInPage.java:84)
	at com.automation.cucumber.steps.LoginTestPage.iShouldSeeErrorMessage(LoginTestPage.java:47)
	at ✽.Then I should see error message "Invalid email address."(signIn.feature:15)
</pre></pre></td>
                                                    </tr>
                                                    <tr>
                                                        <td>Dec 12, 2021 12:19:34 PM</td>
                                                        <td class='linked' test-id='52'>Sign In on Login Page.User should get Error Message with Invalid Credentials.User should get Error Message with Invalid Credentials.Then I should see error message "Authentication failed."</td>
                                                        <td><pre><pre>org.openqa.selenium.NoSuchElementException: no such element: Unable to locate element: {"method":"xpath","selector":"(//div[@class='alert alert-danger'])//ol//li"}
  (Session info: chrome=96.0.4664.93)
For documentation on this error, please visit: https://selenium.dev/exceptions/#no_such_element
Build info: version: '4.0.0', revision: '3a21814679'
System info: host: 'DESKTOP-CO59VCQ', ip: '192.168.50.26', os.name: 'Windows 10', os.arch: 'amd64', os.version: '10.0', java.version: '1.8.0_121'
Driver info: org.openqa.selenium.chrome.ChromeDriver
Command: [cb8a6312a369aa3b3683ac71f430287a, findElement {using=xpath, value=(//div[@class='alert alert-danger'])//ol//li}]
Capabilities {acceptInsecureCerts: false, browserName: chrome, browserVersion: 96.0.4664.93, chrome: {chromedriverVersion: 96.0.4664.45 (76e4c1bb2ab46..., userDataDir: C:\Users\Admin\AppData\Loca...}, goog:chromeOptions: {debuggerAddress: localhost:57065}, javascriptEnabled: true, networkConnectionEnabled: false, pageLoadStrategy: normal, platform: WINDOWS, platformName: WINDOWS, proxy: Proxy(), se:cdp: ws://localhost:57065/devtoo..., se:cdpVersion: 96.0.4664.93, setWindowRect: true, strictFileInteractability: false, timeouts: {implicit: 0, pageLoad: 300000, script: 30000}, unhandledPromptBehavior: dismiss and notify, webauthn:extension:credBlob: true, webauthn:extension:largeBlob: true, webauthn:virtualAuthenticators: true}
Session ID: cb8a6312a369aa3b3683ac71f430287a
	at sun.reflect.NativeConstructorAccessorImpl.newInstance0(Native Method)
	at sun.reflect.NativeConstructorAccessorImpl.newInstance(NativeConstructorAccessorImpl.java:62)
	at sun.reflect.DelegatingConstructorAccessorImpl.newInstance(DelegatingConstructorAccessorImpl.java:45)
	at java.lang.reflect.Constructor.newInstance(Constructor.java:423)
	at org.openqa.selenium.remote.codec.w3c.W3CHttpResponseCodec.createException(W3CHttpResponseCodec.java:200)
	at org.openqa.selenium.remote.codec.w3c.W3CHttpResponseCodec.decode(W3CHttpResponseCodec.java:133)
	at org.openqa.selenium.remote.codec.w3c.W3CHttpResponseCodec.decode(W3CHttpResponseCodec.java:53)
	at org.openqa.selenium.remote.HttpCommandExecutor.execute(HttpCommandExecutor.java:184)
	at org.openqa.selenium.remote.service.DriverCommandExecutor.invokeExecute(DriverCommandExecutor.java:164)
	at org.openqa.selenium.remote.service.DriverCommandExecutor.execute(DriverCommandExecutor.java:139)
	at org.openqa.selenium.remote.RemoteWebDriver.execute(RemoteWebDriver.java:559)
	at org.openqa.selenium.remote.ElementLocation$ElementFinder$2.findElement(ElementLocation.java:162)
	at org.openqa.selenium.remote.ElementLocation.findElement(ElementLocation.java:60)
	at org.openqa.selenium.remote.RemoteWebDriver.findElement(RemoteWebDriver.java:383)
	at org.openqa.selenium.remote.RemoteWebDriver.findElement(RemoteWebDriver.java:375)
	at org.openqa.selenium.support.pagefactory.DefaultElementLocator.findElement(DefaultElementLocator.java:70)
	at org.openqa.selenium.support.pagefactory.internal.LocatingElementHandler.invoke(LocatingElementHandler.java:39)
	at com.sun.proxy.$Proxy23.getText(Unknown Source)
	at com.automation.utility.Utility.getTextFromElement(Utility.java:38)
	at com.automation.pages.SignInPage.getVerifyAuthenticationFailedMessage(SignInPage.java:84)
	at com.automation.cucumber.steps.LoginTestPage.iShouldSeeErrorMessage(LoginTestPage.java:47)
	at ✽.Then I should see error message "Authentication failed."(signIn.feature:15)
</pre></pre></td>
                                                    </tr>
                                        </tbody>
                                    </table>
                                </div>
                            </div>
                        </li>
                </ul>
        </div>
    </div>

    <div class='subview-right left'>
        <div class='view-summary'>
            <h5 class='exception-name'></h5>
        </div>
    </div>
</div>
<!-- exception view -->
<div id='dashboard-view' class='view hide'>
	<div class='card-panel transparent np-v'>
		<h5>Dashboard</h5>

		<div class='row'>
			<div class='col s2'>
				<div class='card-panel r'>
					Features
					<div class='panel-lead'>3</div>
				</div>
			</div>
			<div class='col s2'>
				<div class='card-panel r'>
					Scenarios
					<div class='panel-lead'>10</div>
				</div>
			</div>
			<div class='col s2'>
				<div class='card-panel r'>
					Steps
					<div class='panel-lead'>83</div>
				</div>
			</div>
			<div class='col s2'>
				<div class='card-panel r'>
					Start
					<div class='panel-lead'>Dec 12, 2021 12:16:43 PM</div>
				</div>
			</div>
			<div class='col s2'>
				<div class='card-panel r'>
			 		End
			 		<div class='panel-lead'>Dec 12, 2021 12:20:50 PM</div>
				</div>
			</div>
			<div class='col s2'>
				<div class='card-panel r'>
					Time Taken
					<div class='panel-lead'>246,814ms</div>
				</div>
			</div>
			<div class='col s4'>
				<div class='card-panel dashboard-environment'>
					<span class='right label cyan white-text'>Environment</span><p>&nbsp;</p>
					
					<table>
						<tr>
							<th>Name</th>
							<th>Value</th>
						</tr>
							<tr>
								<td>User Name</td>
								<td>Admin</td>
							</tr>
							<tr>
								<td>Time Zone</td>
								<td>Europe/London</td>
							</tr>
							<tr>
								<td>Machine</td>
								<td>Windows 1064 Bit</td>
							</tr>
							<tr>
								<td>Selenium</td>
								<td>3.141.59</td>
							</tr>
							<tr>
								<td>Maven</td>
								<td>3.5.9</td>
							</tr>
							<tr>
								<td>Java Version</td>
								<td>1.8.0_151</td>
							</tr>
					</table>
				</div>
			</div>
			<div class='col s6'>
				<div class='card-panel dashboard-categories'>
					<span class='right label cyan white-text'>Categories</span><p>&nbsp;</p>
					
					<table>
						<tr>
							<th>Name</th>
							<th>Passed</th>
							<th>Failed</th>
							<th>Others</th>
							<th>Passed %</th>
						</tr>
						<tr>
							<td>@Regression</td>
							<td>6</td>
							<td>4</td>
							<td>0</td>
							<td>
									60%
							</td>
						</tr>
						<tr>
							<td>@Smoke</td>
							<td>6</td>
							<td>4</td>
							<td>0</td>
							<td>
									60%
							</td>
						</tr>
					</table>
				</div>
			</div>
		</div>
	</div>
</div>
<!-- dashboard view -->
<!-- testrunner-logs view -->
		</div>
		<!-- container -->

		<script>
			var statusGroup = {
				passParent: 2,
				failParent: 1,
				fatalParent: 0,
				errorParent: 0,
				warningParent: 0,
				skipParent: 0,
				exceptionsParent: 1,
				
				passChild: 6,
				failChild: 4,
				fatalChild: 0,
				errorChild: 0,
				warningChild: 0,
				skipChild: 0,
				infoChild: 0,
				exceptionsChild: 4,
				
				passGrandChild: 79,
				failGrandChild: 4,
				fatalGrandChild: 0,
				errorGrandChild: 0,
				warningGrandChild: 0,
				skipGrandChild: 0,
				infoGrandChild: 0,
				exceptionsGrandChild: 4,
			};
		</script>
		
			<script src='https://cdn.rawgit.com/anshooarora/extentreports-java/fca20fb7653aade98810546ab96a2a4360e3e712/dist/js/extent.js' type='text/javascript'></script>
		
		
 		<script type='text/javascript'>
 			
            
        $(document).ready(function() {

        });
      
        
 		</script>
	</body>
	
</html>
